Build started 10/18/2014 11:29:38 PM.
     1>Project "d:\src\vs2013\WinParticles\WinParticles\WinParticles.vcxproj" on node 2 (Build target(s)).
     1>ResourceCompile:
         C:\Program Files (x86)\Windows Kits\8.1\bin\x86\rc.exe /D _UNICODE /D UNICODE /l"0x0409" /nologo /fo"Debug\WinParticles.res" WinParticles.rc 
       Link:
         C:\vs2013\VC\bin\link.exe /ERRORREPORT:PROMPT /OUT:"d:\src\vs2013\WinParticles\Debug\WinParticles.exe" /INCREMENTAL /NOLOGO kernel32.lib user32.lib gdi32.lib winspool.lib comdlg32.lib advapi32.lib shell32.lib ole32.lib oleaut32.lib uuid.lib odbc32.lib odbccp32.lib /MANIFEST /MANIFESTUAC:"level='asInvoker' uiAccess='false'" /manifest:embed /DEBUG /PDB:"d:\src\vs2013\WinParticles\Debug\WinParticles.pdb" /SUBSYSTEM:WINDOWS /TLBID:1 /DYNAMICBASE /NXCOMPAT /IMPLIB:"d:\src\vs2013\WinParticles\Debug\WinParticles.lib" /MACHINE:X86 Debug\WinParticles.res
         Debug\BackBuffer.obj
         Debug\BitmapEditor.obj
         Debug\ChaoticGradient.obj
         Debug\Common.obj
         Debug\CompoundDispItem.obj
         Debug\DisplayItem.obj
         Debug\Gradient.obj
         Debug\GradientEditor.obj
         Debug\NumericInputBox.obj
         Debug\ParamAgent.obj
         Debug\Particle.obj
         Debug\ParticleSys.obj
         Debug\RootDisplay.obj
         Debug\stdafx.obj
         Debug\WinParticles.obj
         WinParticles.vcxproj -> d:\src\vs2013\WinParticles\Debug\WinParticles.exe
     1>Done Building Project "d:\src\vs2013\WinParticles\WinParticles\WinParticles.vcxproj" (Build target(s)).

Build succeeded.

Time Elapsed 00:00:01.04
