Build started 10/23/2014 12:45:27 AM.
     1>Project "d:\src\vs2013\WinParticles\WinParticles\WinParticles.vcxproj" on node 2 (Build target(s)).
     1>ClCompile:
         C:\vs2013\VC\bin\CL.exe /c /Zi /nologo /W3 /WX- /Ox /Oi /Oy- /GL /D WIN32 /D NDEBUG /D _WINDOWS /D _UNICODE /D UNICODE /Gm- /EHsc /MD /GS /Gy /fp:precise /Zc:wchar_t /Zc:forScope /Yu"stdafx.h" /Fp"Release\WinParticles.pch" /Fo"Release\\" /Fd"Release\vc120.pdb" /Gd /TP /analyze- /errorReport:prompt BitmapEditor.cpp
         BitmapEditor.cpp
       Link:
         C:\vs2013\VC\bin\link.exe /ERRORREPORT:PROMPT /OUT:"d:\src\vs2013\WinParticles\Release\WinParticles.exe" /INCREMENTAL:NO /NOLOGO kernel32.lib user32.lib gdi32.lib winspool.lib comdlg32.lib advapi32.lib shell32.lib ole32.lib oleaut32.lib uuid.lib odbc32.lib odbccp32.lib /MANIFEST /MANIFESTUAC:"level='asInvoker' uiAccess='false'" /manifest:embed /DEBUG /PDB:"d:\src\vs2013\WinParticles\Release\WinParticles.pdb" /SUBSYSTEM:WINDOWS /OPT:REF /OPT:ICF /LTCG /TLBID:1 /DYNAMICBASE /NXCOMPAT /IMPLIB:"d:\src\vs2013\WinParticles\Release\WinParticles.lib" /MACHINE:X86 /SAFESEH Release\WinParticles.res
         Release\BackBuffer.obj
         Release\BitmapEditor.obj
         Release\ChaoticGradient.obj
         Release\Common.obj
         Release\CompoundDispItem.obj
         Release\DisplayItem.obj
         Release\Gradient.obj
         Release\GradientEditor.obj
         Release\NumericInputBox.obj
         Release\ParamAgent.obj
         Release\Particle.obj
         Release\ParticleBitmap.obj
         Release\ParticleSys.obj
         Release\PresetManager.obj
         Release\RootDisplay.obj
         Release\stdafx.obj
         Release\WinParticles.obj
         Generating code
         Finished generating code
         WinParticles.vcxproj -> d:\src\vs2013\WinParticles\Release\WinParticles.exe
     1>Done Building Project "d:\src\vs2013\WinParticles\WinParticles\WinParticles.vcxproj" (Build target(s)).

Build succeeded.

Time Elapsed 00:00:00.98
